<?xml version="1.0" encoding="UTF-8"?>
<testng-results skipped="0" failed="0" ignored="0" total="1" passed="1">
  <reporter-output>
  </reporter-output>
  <suite name="Default suite" duration-ms="13553" started-at="2018-11-09T01:13:39Z" finished-at="2018-11-09T01:13:53Z">
    <groups>
    </groups>
    <test name="Default test" duration-ms="13553" started-at="2018-11-09T01:13:39Z" finished-at="2018-11-09T01:13:53Z">
      <class name="com.mobile.onDevice.massApp2">
        <test-method status="PASS" signature="setUP()[pri:0, instance:com.mobile.onDevice.massApp2@5c7fa833]" name="setUP" is-config="true" duration-ms="9013" started-at="2018-11-09T06:43:40Z" finished-at="2018-11-09T06:43:49Z">
          <reporter-output>
          </reporter-output>
        </test-method> <!-- setUP -->
        <test-method status="PASS" signature="SampleTest()[pri:0, instance:com.mobile.onDevice.massApp2@5c7fa833]" name="SampleTest" duration-ms="4516" started-at="2018-11-09T06:43:49Z" finished-at="2018-11-09T06:43:53Z">
          <reporter-output>
          </reporter-output>
        </test-method> <!-- SampleTest -->
      </class> <!-- com.mobile.onDevice.massApp2 -->
    </test> <!-- Default test -->
  </suite> <!-- Default suite -->
</testng-results>
